Benchmark Logs: 
%%%%%%%%%%%%%   Benchmark:  go %%%%%%%%%%%%%%
*****************    dl1:1024:64:16     **********************************
results/Baseline/go_LRU_dl1_1024_64_16.out:sim_IPC          1.3002  #  instructions  per  cycle
results/Baseline/go_PLRU_dl1_1024_64_16_p_9_12.out:sim_IPC  1.3001  #  instructions  per  cycle
results/Baseline/go_SCORE_dl1_1024_64_16.out:sim_IPC        1.2998  #  instructions  per  cycle
*****************    dl1:1024:64:8     **********************************
results/Baseline/go_LRU_dl1_1024_64_8.out:sim_IPC         1.3002  #  instructions  per  cycle
results/Baseline/go_PLRU_dl1_1024_64_8_p_5_6.out:sim_IPC  1.3001  #  instructions  per  cycle
results/Baseline/go_SCORE_dl1_1024_64_8.out:sim_IPC       1.2999  #  instructions  per  cycle
*****************    dl1:1024:64:4     **********************************
results/Baseline/go_LRU_dl1_1024_64_4.out:sim_IPC         1.3002  #  instructions  per  cycle
results/Baseline/go_PLRU_dl1_1024_64_4_p_3_3.out:sim_IPC  1.3001  #  instructions  per  cycle
results/Baseline/go_SCORE_dl1_1024_64_4.out:sim_IPC       1.3000  #  instructions  per  cycle
*****************    dl1:1024:32:16     **********************************
results/Baseline/go_LRU_dl1_1024_32_16.out:sim_IPC          1.2992  #  instructions  per  cycle
results/Baseline/go_PLRU_dl1_1024_32_16_p_9_12.out:sim_IPC  1.2987  #  instructions  per  cycle
results/Baseline/go_SCORE_dl1_1024_32_16.out:sim_IPC        1.2982  #  instructions  per  cycle
*****************    dl1:1024:32:8     **********************************
results/Baseline/go_LRU_dl1_1024_32_8.out:sim_IPC         1.2992  #  instructions  per  cycle
results/Baseline/go_PLRU_dl1_1024_32_8_p_5_6.out:sim_IPC  1.2987  #  instructions  per  cycle
results/Baseline/go_SCORE_dl1_1024_32_8.out:sim_IPC       1.2981  #  instructions  per  cycle
*****************    dl1:1024:32:4     **********************************
results/Baseline/go_LRU_dl1_1024_32_4.out:sim_IPC         1.2950  #  instructions  per  cycle
results/Baseline/go_PLRU_dl1_1024_32_4_p_3_3.out:sim_IPC  1.2957  #  instructions  per  cycle
results/Baseline/go_SCORE_dl1_1024_32_4.out:sim_IPC       1.2950  #  instructions  per  cycle
*****************    dl1:512:64:16     **********************************
results/Baseline/go_LRU_dl1_512_64_16.out:sim_IPC          1.3002  #  instructions  per  cycle
results/Baseline/go_PLRU_dl1_512_64_16_p_9_12.out:sim_IPC  1.2994  #  instructions  per  cycle
results/Baseline/go_SCORE_dl1_512_64_16.out:sim_IPC        1.2990  #  instructions  per  cycle
*****************    dl1:512:64:8     **********************************
results/Baseline/go_LRU_dl1_512_64_8.out:sim_IPC         1.3002  #  instructions  per  cycle
results/Baseline/go_PLRU_dl1_512_64_8_p_5_6.out:sim_IPC  1.2994  #  instructions  per  cycle
results/Baseline/go_SCORE_dl1_512_64_8.out:sim_IPC       1.2993  #  instructions  per  cycle
*****************    dl1:512:64:4     **********************************
results/Baseline/go_LRU_dl1_512_64_4.out:sim_IPC         1.2950  #  instructions  per  cycle
results/Baseline/go_PLRU_dl1_512_64_4_p_3_3.out:sim_IPC  1.2958  #  instructions  per  cycle
results/Baseline/go_SCORE_dl1_512_64_4.out:sim_IPC       1.2954  #  instructions  per  cycle
*****************    dl1:512:32:16     **********************************
results/Baseline/go_LRU_dl1_512_32_16.out:sim_IPC          1.2992  #  instructions  per  cycle
results/Baseline/go_PLRU_dl1_512_32_16_p_9_12.out:sim_IPC  1.2986  #  instructions  per  cycle
results/Baseline/go_SCORE_dl1_512_32_16.out:sim_IPC        1.2963  #  instructions  per  cycle
*****************    dl1:512:32:8     **********************************
results/Baseline/go_LRU_dl1_512_32_8.out:sim_IPC         1.2991  #  instructions  per  cycle
results/Baseline/go_PLRU_dl1_512_32_8_p_5_6.out:sim_IPC  1.2985  #  instructions  per  cycle
results/Baseline/go_SCORE_dl1_512_32_8.out:sim_IPC       1.2956  #  instructions  per  cycle
*****************    dl1:512:32:4     **********************************
results/Baseline/go_LRU_dl1_512_32_4.out:sim_IPC         1.2675  #  instructions  per  cycle
results/Baseline/go_PLRU_dl1_512_32_4_p_3_3.out:sim_IPC  1.2696  #  instructions  per  cycle
results/Baseline/go_SCORE_dl1_512_32_4.out:sim_IPC       1.2699  #  instructions  per  cycle
*****************    dl1:128:64:16     **********************************
results/Baseline/go_LRU_dl1_128_64_16.out:sim_IPC          1.3001  #  instructions  per  cycle
results/Baseline/go_PLRU_dl1_128_64_16_p_9_12.out:sim_IPC  1.2992  #  instructions  per  cycle
results/Baseline/go_SCORE_dl1_128_64_16.out:sim_IPC        1.2879  #  instructions  per  cycle
*****************    dl1:128:64:8     **********************************
results/Baseline/go_LRU_dl1_128_64_8.out:sim_IPC         1.2690  #  instructions  per  cycle
results/Baseline/go_PLRU_dl1_128_64_8_p_5_6.out:sim_IPC  1.2743  #  instructions  per  cycle
results/Baseline/go_SCORE_dl1_128_64_8.out:sim_IPC       1.2706  #  instructions  per  cycle
*****************    dl1:128:64:4     **********************************
results/Baseline/go_LRU_dl1_128_64_4.out:sim_IPC         1.1938  #  instructions  per  cycle
results/Baseline/go_PLRU_dl1_128_64_4_p_3_3.out:sim_IPC  1.1929  #  instructions  per  cycle
results/Baseline/go_SCORE_dl1_128_64_4.out:sim_IPC       1.1937  #  instructions  per  cycle
*****************    dl1:128:32:16     **********************************
results/Baseline/go_LRU_dl1_128_32_16.out:sim_IPC          1.2899  #  instructions  per  cycle
results/Baseline/go_PLRU_dl1_128_32_16_p_9_12.out:sim_IPC  1.2913  #  instructions  per  cycle
results/Baseline/go_SCORE_dl1_128_32_16.out:sim_IPC        1.2604  #  instructions  per  cycle
*****************    dl1:128:32:8     **********************************
results/Baseline/go_LRU_dl1_128_32_8.out:sim_IPC         1.1972  #  instructions  per  cycle
results/Baseline/go_PLRU_dl1_128_32_8_p_5_6.out:sim_IPC  1.2011  #  instructions  per  cycle
results/Baseline/go_SCORE_dl1_128_32_8.out:sim_IPC       1.2040  #  instructions  per  cycle
*****************    dl1:128:32:4     **********************************
results/Baseline/go_LRU_dl1_128_32_4.out:sim_IPC         1.1663  #  instructions  per  cycle
results/Baseline/go_PLRU_dl1_128_32_4_p_3_3.out:sim_IPC  1.1626  #  instructions  per  cycle
results/Baseline/go_SCORE_dl1_128_32_4.out:sim_IPC       1.1624  #  instructions  per  cycle
*****************    dl1:64:64:16     **********************************
results/Baseline/go_LRU_dl1_64_64_16.out:sim_IPC          1.2779  #  instructions  per  cycle
results/Baseline/go_PLRU_dl1_64_64_16_p_9_12.out:sim_IPC  1.2835  #  instructions  per  cycle
results/Baseline/go_SCORE_dl1_64_64_16.out:sim_IPC        1.2686  #  instructions  per  cycle
*****************    dl1:64:64:8     **********************************
results/Baseline/go_LRU_dl1_64_64_8.out:sim_IPC         1.1958  #  instructions  per  cycle
results/Baseline/go_PLRU_dl1_64_64_8_p_5_6.out:sim_IPC  1.1960  #  instructions  per  cycle
results/Baseline/go_SCORE_dl1_64_64_8.out:sim_IPC       1.2002  #  instructions  per  cycle
*****************    dl1:64:64:4     **********************************
results/Baseline/go_LRU_dl1_64_64_4.out:sim_IPC         1.1672  #  instructions  per  cycle
results/Baseline/go_PLRU_dl1_64_64_4_p_3_3.out:sim_IPC  1.1583  #  instructions  per  cycle
results/Baseline/go_SCORE_dl1_64_64_4.out:sim_IPC       1.1583  #  instructions  per  cycle
*****************    dl1:64:32:16     **********************************
results/Baseline/go_LRU_dl1_64_32_16.out:sim_IPC          1.1953  #  instructions  per  cycle
results/Baseline/go_PLRU_dl1_64_32_16_p_9_12.out:sim_IPC  1.2000  #  instructions  per  cycle
results/Baseline/go_SCORE_dl1_64_32_16.out:sim_IPC        1.2029  #  instructions  per  cycle
*****************    dl1:64:32:8     **********************************
results/Baseline/go_LRU_dl1_64_32_8.out:sim_IPC         1.1686  #  instructions  per  cycle
results/Baseline/go_PLRU_dl1_64_32_8_p_5_6.out:sim_IPC  1.1622  #  instructions  per  cycle
results/Baseline/go_SCORE_dl1_64_32_8.out:sim_IPC       1.1620  #  instructions  per  cycle
*****************    dl1:64:32:4     **********************************
results/Baseline/go_LRU_dl1_64_32_4.out:sim_IPC         1.1473  #  instructions  per  cycle
results/Baseline/go_PLRU_dl1_64_32_4_p_3_3.out:sim_IPC  1.1388  #  instructions  per  cycle
results/Baseline/go_SCORE_dl1_64_32_4.out:sim_IPC       1.1389  #  instructions  per  cycle
%%%%%%%%%%%%%   Benchmark:  gcc %%%%%%%%%%%%%%
*****************    dl1:1024:64:16     **********************************
results/Baseline/gcc_LRU_dl1_1024_64_16.out:sim_IPC          0.8575  #  instructions  per  cycle
results/Baseline/gcc_PLRU_dl1_1024_64_16_p_9_12.out:sim_IPC  0.8574  #  instructions  per  cycle
results/Baseline/gcc_SCORE_dl1_1024_64_16.out:sim_IPC        0.8572  #  instructions  per  cycle
*****************    dl1:1024:64:8     **********************************
results/Baseline/gcc_LRU_dl1_1024_64_8.out:sim_IPC         0.8575  #  instructions  per  cycle
results/Baseline/gcc_PLRU_dl1_1024_64_8_p_5_6.out:sim_IPC  0.8574  #  instructions  per  cycle
results/Baseline/gcc_SCORE_dl1_1024_64_8.out:sim_IPC       0.8572  #  instructions  per  cycle
*****************    dl1:1024:64:4     **********************************
results/Baseline/gcc_LRU_dl1_1024_64_4.out:sim_IPC         0.8572  #  instructions  per  cycle
results/Baseline/gcc_PLRU_dl1_1024_64_4_p_3_3.out:sim_IPC  0.8571  #  instructions  per  cycle
results/Baseline/gcc_SCORE_dl1_1024_64_4.out:sim_IPC       0.8569  #  instructions  per  cycle
*****************    dl1:1024:32:16     **********************************
results/Baseline/gcc_LRU_dl1_1024_32_16.out:sim_IPC          0.8573  #  instructions  per  cycle
results/Baseline/gcc_PLRU_dl1_1024_32_16_p_9_12.out:sim_IPC  0.8571  #  instructions  per  cycle
results/Baseline/gcc_SCORE_dl1_1024_32_16.out:sim_IPC        0.8565  #  instructions  per  cycle
*****************    dl1:1024:32:8     **********************************
results/Baseline/gcc_LRU_dl1_1024_32_8.out:sim_IPC         0.8572  #  instructions  per  cycle
results/Baseline/gcc_PLRU_dl1_1024_32_8_p_5_6.out:sim_IPC  0.8571  #  instructions  per  cycle
results/Baseline/gcc_SCORE_dl1_1024_32_8.out:sim_IPC       0.8567  #  instructions  per  cycle
*****************    dl1:1024:32:4     **********************************
results/Baseline/gcc_LRU_dl1_1024_32_4.out:sim_IPC         0.8561  #  instructions  per  cycle
results/Baseline/gcc_PLRU_dl1_1024_32_4_p_3_3.out:sim_IPC  0.8560  #  instructions  per  cycle
results/Baseline/gcc_SCORE_dl1_1024_32_4.out:sim_IPC       0.8559  #  instructions  per  cycle
*****************    dl1:512:64:16     **********************************
results/Baseline/gcc_LRU_dl1_512_64_16.out:sim_IPC          0.8575  #  instructions  per  cycle
results/Baseline/gcc_PLRU_dl1_512_64_16_p_9_12.out:sim_IPC  0.8573  #  instructions  per  cycle
results/Baseline/gcc_SCORE_dl1_512_64_16.out:sim_IPC        0.8567  #  instructions  per  cycle
*****************    dl1:512:64:8     **********************************
results/Baseline/gcc_LRU_dl1_512_64_8.out:sim_IPC         0.8574  #  instructions  per  cycle
results/Baseline/gcc_PLRU_dl1_512_64_8_p_5_6.out:sim_IPC  0.8573  #  instructions  per  cycle
results/Baseline/gcc_SCORE_dl1_512_64_8.out:sim_IPC       0.8566  #  instructions  per  cycle
*****************    dl1:512:64:4     **********************************
results/Baseline/gcc_LRU_dl1_512_64_4.out:sim_IPC         0.8564  #  instructions  per  cycle
results/Baseline/gcc_PLRU_dl1_512_64_4_p_3_3.out:sim_IPC  0.8563  #  instructions  per  cycle
results/Baseline/gcc_SCORE_dl1_512_64_4.out:sim_IPC       0.8562  #  instructions  per  cycle
*****************    dl1:512:32:16     **********************************
results/Baseline/gcc_LRU_dl1_512_32_16.out:sim_IPC          0.8573  #  instructions  per  cycle
results/Baseline/gcc_PLRU_dl1_512_32_16_p_9_12.out:sim_IPC  0.8570  #  instructions  per  cycle
results/Baseline/gcc_SCORE_dl1_512_32_16.out:sim_IPC        0.8557  #  instructions  per  cycle
*****************    dl1:512:32:8     **********************************
results/Baseline/gcc_LRU_dl1_512_32_8.out:sim_IPC         0.8561  #  instructions  per  cycle
results/Baseline/gcc_PLRU_dl1_512_32_8_p_5_6.out:sim_IPC  0.8560  #  instructions  per  cycle
results/Baseline/gcc_SCORE_dl1_512_32_8.out:sim_IPC       0.8553  #  instructions  per  cycle
*****************    dl1:512:32:4     **********************************
results/Baseline/gcc_LRU_dl1_512_32_4.out:sim_IPC         0.8549  #  instructions  per  cycle
results/Baseline/gcc_PLRU_dl1_512_32_4_p_3_3.out:sim_IPC  0.8549  #  instructions  per  cycle
results/Baseline/gcc_SCORE_dl1_512_32_4.out:sim_IPC       0.8547  #  instructions  per  cycle
*****************    dl1:128:64:16     **********************************
results/Baseline/gcc_LRU_dl1_128_64_16.out:sim_IPC          0.8565  #  instructions  per  cycle
results/Baseline/gcc_PLRU_dl1_128_64_16_p_9_12.out:sim_IPC  0.8563  #  instructions  per  cycle
results/Baseline/gcc_SCORE_dl1_128_64_16.out:sim_IPC        0.8550  #  instructions  per  cycle
*****************    dl1:128:64:8     **********************************
results/Baseline/gcc_LRU_dl1_128_64_8.out:sim_IPC         0.8557  #  instructions  per  cycle
results/Baseline/gcc_PLRU_dl1_128_64_8_p_5_6.out:sim_IPC  0.8556  #  instructions  per  cycle
results/Baseline/gcc_SCORE_dl1_128_64_8.out:sim_IPC       0.8549  #  instructions  per  cycle
*****************    dl1:128:64:4     **********************************
results/Baseline/gcc_LRU_dl1_128_64_4.out:sim_IPC         0.8524  #  instructions  per  cycle
results/Baseline/gcc_PLRU_dl1_128_64_4_p_3_3.out:sim_IPC  0.8525  #  instructions  per  cycle
results/Baseline/gcc_SCORE_dl1_128_64_4.out:sim_IPC       0.8524  #  instructions  per  cycle
*****************    dl1:128:32:16     **********************************
results/Baseline/gcc_LRU_dl1_128_32_16.out:sim_IPC          0.8556  #  instructions  per  cycle
results/Baseline/gcc_PLRU_dl1_128_32_16_p_9_12.out:sim_IPC  0.8551  #  instructions  per  cycle
results/Baseline/gcc_SCORE_dl1_128_32_16.out:sim_IPC        0.8533  #  instructions  per  cycle
*****************    dl1:128:32:8     **********************************
results/Baseline/gcc_LRU_dl1_128_32_8.out:sim_IPC         0.8529  #  instructions  per  cycle
results/Baseline/gcc_PLRU_dl1_128_32_8_p_5_6.out:sim_IPC  0.8527  #  instructions  per  cycle
results/Baseline/gcc_SCORE_dl1_128_32_8.out:sim_IPC       0.8522  #  instructions  per  cycle
*****************    dl1:128:32:4     **********************************
results/Baseline/gcc_LRU_dl1_128_32_4.out:sim_IPC         0.8469  #  instructions  per  cycle
results/Baseline/gcc_PLRU_dl1_128_32_4_p_3_3.out:sim_IPC  0.8470  #  instructions  per  cycle
results/Baseline/gcc_SCORE_dl1_128_32_4.out:sim_IPC       0.8469  #  instructions  per  cycle
*****************    dl1:64:64:16     **********************************
results/Baseline/gcc_LRU_dl1_64_64_16.out:sim_IPC          0.8559  #  instructions  per  cycle
results/Baseline/gcc_PLRU_dl1_64_64_16_p_9_12.out:sim_IPC  0.8556  #  instructions  per  cycle
results/Baseline/gcc_SCORE_dl1_64_64_16.out:sim_IPC        0.8535  #  instructions  per  cycle
*****************    dl1:64:64:8     **********************************
results/Baseline/gcc_LRU_dl1_64_64_8.out:sim_IPC         0.8527  #  instructions  per  cycle
results/Baseline/gcc_PLRU_dl1_64_64_8_p_5_6.out:sim_IPC  0.8528  #  instructions  per  cycle
results/Baseline/gcc_SCORE_dl1_64_64_8.out:sim_IPC       0.8525  #  instructions  per  cycle
*****************    dl1:64:64:4     **********************************
results/Baseline/gcc_LRU_dl1_64_64_4.out:sim_IPC         0.8469  #  instructions  per  cycle
results/Baseline/gcc_PLRU_dl1_64_64_4_p_3_3.out:sim_IPC  0.8469  #  instructions  per  cycle
results/Baseline/gcc_SCORE_dl1_64_64_4.out:sim_IPC       0.8469  #  instructions  per  cycle
*****************    dl1:64:32:16     **********************************
results/Baseline/gcc_LRU_dl1_64_32_16.out:sim_IPC          0.8531  #  instructions  per  cycle
results/Baseline/gcc_PLRU_dl1_64_32_16_p_9_12.out:sim_IPC  0.8529  #  instructions  per  cycle
results/Baseline/gcc_SCORE_dl1_64_32_16.out:sim_IPC        0.8503  #  instructions  per  cycle
*****************    dl1:64:32:8     **********************************
results/Baseline/gcc_LRU_dl1_64_32_8.out:sim_IPC         0.8475  #  instructions  per  cycle
results/Baseline/gcc_PLRU_dl1_64_32_8_p_5_6.out:sim_IPC  0.8476  #  instructions  per  cycle
results/Baseline/gcc_SCORE_dl1_64_32_8.out:sim_IPC       0.8473  #  instructions  per  cycle
*****************    dl1:64:32:4     **********************************
results/Baseline/gcc_LRU_dl1_64_32_4.out:sim_IPC         0.8406  #  instructions  per  cycle
results/Baseline/gcc_PLRU_dl1_64_32_4_p_3_3.out:sim_IPC  0.8401  #  instructions  per  cycle
results/Baseline/gcc_SCORE_dl1_64_32_4.out:sim_IPC       0.8401  #  instructions  per  cycle
%%%%%%%%%%%%%   Benchmark:  li %%%%%%%%%%%%%%
*****************    dl1:1024:64:16     **********************************
results/Baseline/li_LRU_dl1_1024_64_16.out:sim_IPC          1.6314  #  instructions  per  cycle
results/Baseline/li_PLRU_dl1_1024_64_16_p_9_12.out:sim_IPC  1.6313  #  instructions  per  cycle
results/Baseline/li_SCORE_dl1_1024_64_16.out:sim_IPC        1.6313  #  instructions  per  cycle
*****************    dl1:1024:64:8     **********************************
results/Baseline/li_LRU_dl1_1024_64_8.out:sim_IPC         1.6314  #  instructions  per  cycle
results/Baseline/li_PLRU_dl1_1024_64_8_p_5_6.out:sim_IPC  1.6313  #  instructions  per  cycle
results/Baseline/li_SCORE_dl1_1024_64_8.out:sim_IPC       1.6313  #  instructions  per  cycle
*****************    dl1:1024:64:4     **********************************
results/Baseline/li_LRU_dl1_1024_64_4.out:sim_IPC         1.6314  #  instructions  per  cycle
results/Baseline/li_PLRU_dl1_1024_64_4_p_3_3.out:sim_IPC  1.6313  #  instructions  per  cycle
results/Baseline/li_SCORE_dl1_1024_64_4.out:sim_IPC       1.6313  #  instructions  per  cycle
*****************    dl1:1024:32:16     **********************************
results/Baseline/li_LRU_dl1_1024_32_16.out:sim_IPC          1.6305  #  instructions  per  cycle
results/Baseline/li_PLRU_dl1_1024_32_16_p_9_12.out:sim_IPC  1.6304  #  instructions  per  cycle
results/Baseline/li_SCORE_dl1_1024_32_16.out:sim_IPC        1.6304  #  instructions  per  cycle
*****************    dl1:1024:32:8     **********************************
results/Baseline/li_LRU_dl1_1024_32_8.out:sim_IPC         1.6305  #  instructions  per  cycle
results/Baseline/li_PLRU_dl1_1024_32_8_p_5_6.out:sim_IPC  1.6304  #  instructions  per  cycle
results/Baseline/li_SCORE_dl1_1024_32_8.out:sim_IPC       1.6304  #  instructions  per  cycle
*****************    dl1:1024:32:4     **********************************
results/Baseline/li_LRU_dl1_1024_32_4.out:sim_IPC         1.6299  #  instructions  per  cycle
results/Baseline/li_PLRU_dl1_1024_32_4_p_3_3.out:sim_IPC  1.6299  #  instructions  per  cycle
results/Baseline/li_SCORE_dl1_1024_32_4.out:sim_IPC       1.6299  #  instructions  per  cycle
*****************    dl1:512:64:16     **********************************
results/Baseline/li_LRU_dl1_512_64_16.out:sim_IPC          1.6314  #  instructions  per  cycle
results/Baseline/li_PLRU_dl1_512_64_16_p_9_12.out:sim_IPC  1.6313  #  instructions  per  cycle
results/Baseline/li_SCORE_dl1_512_64_16.out:sim_IPC        1.6312  #  instructions  per  cycle
*****************    dl1:512:64:8     **********************************
results/Baseline/li_LRU_dl1_512_64_8.out:sim_IPC         1.6314  #  instructions  per  cycle
results/Baseline/li_PLRU_dl1_512_64_8_p_5_6.out:sim_IPC  1.6313  #  instructions  per  cycle
results/Baseline/li_SCORE_dl1_512_64_8.out:sim_IPC       1.6312  #  instructions  per  cycle
*****************    dl1:512:64:4     **********************************
results/Baseline/li_LRU_dl1_512_64_4.out:sim_IPC         1.6309  #  instructions  per  cycle
results/Baseline/li_PLRU_dl1_512_64_4_p_3_3.out:sim_IPC  1.6309  #  instructions  per  cycle
results/Baseline/li_SCORE_dl1_512_64_4.out:sim_IPC       1.6309  #  instructions  per  cycle
*****************    dl1:512:32:16     **********************************
results/Baseline/li_LRU_dl1_512_32_16.out:sim_IPC          1.6305  #  instructions  per  cycle
results/Baseline/li_PLRU_dl1_512_32_16_p_9_12.out:sim_IPC  1.6304  #  instructions  per  cycle
results/Baseline/li_SCORE_dl1_512_32_16.out:sim_IPC        1.6291  #  instructions  per  cycle
*****************    dl1:512:32:8     **********************************
results/Baseline/li_LRU_dl1_512_32_8.out:sim_IPC         1.6301  #  instructions  per  cycle
results/Baseline/li_PLRU_dl1_512_32_8_p_5_6.out:sim_IPC  1.6301  #  instructions  per  cycle
results/Baseline/li_SCORE_dl1_512_32_8.out:sim_IPC       1.6287  #  instructions  per  cycle
*****************    dl1:512:32:4     **********************************
results/Baseline/li_LRU_dl1_512_32_4.out:sim_IPC         1.5864  #  instructions  per  cycle
results/Baseline/li_PLRU_dl1_512_32_4_p_3_3.out:sim_IPC  1.5867  #  instructions  per  cycle
results/Baseline/li_SCORE_dl1_512_32_4.out:sim_IPC       1.5871  #  instructions  per  cycle
*****************    dl1:128:64:16     **********************************
results/Baseline/li_LRU_dl1_128_64_16.out:sim_IPC          1.6310  #  instructions  per  cycle
results/Baseline/li_PLRU_dl1_128_64_16_p_9_12.out:sim_IPC  1.6310  #  instructions  per  cycle
results/Baseline/li_SCORE_dl1_128_64_16.out:sim_IPC        1.6261  #  instructions  per  cycle
*****************    dl1:128:64:8     **********************************
results/Baseline/li_LRU_dl1_128_64_8.out:sim_IPC         1.6047  #  instructions  per  cycle
results/Baseline/li_PLRU_dl1_128_64_8_p_5_6.out:sim_IPC  1.6048  #  instructions  per  cycle
results/Baseline/li_SCORE_dl1_128_64_8.out:sim_IPC       1.6062  #  instructions  per  cycle
*****************    dl1:128:64:4     **********************************
results/Baseline/li_LRU_dl1_128_64_4.out:sim_IPC         1.5897  #  instructions  per  cycle
results/Baseline/li_PLRU_dl1_128_64_4_p_3_3.out:sim_IPC  1.5896  #  instructions  per  cycle
results/Baseline/li_SCORE_dl1_128_64_4.out:sim_IPC       1.5892  #  instructions  per  cycle
*****************    dl1:128:32:16     **********************************
results/Baseline/li_LRU_dl1_128_32_16.out:sim_IPC          1.5854  #  instructions  per  cycle
results/Baseline/li_PLRU_dl1_128_32_16_p_9_12.out:sim_IPC  1.5863  #  instructions  per  cycle
results/Baseline/li_SCORE_dl1_128_32_16.out:sim_IPC        1.5914  #  instructions  per  cycle
*****************    dl1:128:32:8     **********************************
results/Baseline/li_LRU_dl1_128_32_8.out:sim_IPC         1.5676  #  instructions  per  cycle
results/Baseline/li_PLRU_dl1_128_32_8_p_5_6.out:sim_IPC  1.5677  #  instructions  per  cycle
results/Baseline/li_SCORE_dl1_128_32_8.out:sim_IPC       1.5669  #  instructions  per  cycle
*****************    dl1:128:32:4     **********************************
results/Baseline/li_LRU_dl1_128_32_4.out:sim_IPC         1.5540  #  instructions  per  cycle
results/Baseline/li_PLRU_dl1_128_32_4_p_3_3.out:sim_IPC  1.5537  #  instructions  per  cycle
results/Baseline/li_SCORE_dl1_128_32_4.out:sim_IPC       1.5530  #  instructions  per  cycle
*****************    dl1:64:64:16     **********************************
results/Baseline/li_LRU_dl1_64_64_16.out:sim_IPC          1.6049  #  instructions  per  cycle
results/Baseline/li_PLRU_dl1_64_64_16_p_9_12.out:sim_IPC  1.6054  #  instructions  per  cycle
results/Baseline/li_SCORE_dl1_64_64_16.out:sim_IPC        1.6061  #  instructions  per  cycle
*****************    dl1:64:64:8     **********************************
results/Baseline/li_LRU_dl1_64_64_8.out:sim_IPC         1.5902  #  instructions  per  cycle
results/Baseline/li_PLRU_dl1_64_64_8_p_5_6.out:sim_IPC  1.5903  #  instructions  per  cycle
results/Baseline/li_SCORE_dl1_64_64_8.out:sim_IPC       1.5890  #  instructions  per  cycle
*****************    dl1:64:64:4     **********************************
results/Baseline/li_LRU_dl1_64_64_4.out:sim_IPC         1.5764  #  instructions  per  cycle
results/Baseline/li_PLRU_dl1_64_64_4_p_3_3.out:sim_IPC  1.5764  #  instructions  per  cycle
results/Baseline/li_SCORE_dl1_64_64_4.out:sim_IPC       1.5757  #  instructions  per  cycle
*****************    dl1:64:32:16     **********************************
results/Baseline/li_LRU_dl1_64_32_16.out:sim_IPC          1.5675  #  instructions  per  cycle
results/Baseline/li_PLRU_dl1_64_32_16_p_9_12.out:sim_IPC  1.5678  #  instructions  per  cycle
results/Baseline/li_SCORE_dl1_64_32_16.out:sim_IPC        1.5640  #  instructions  per  cycle
*****************    dl1:64:32:8     **********************************
results/Baseline/li_LRU_dl1_64_32_8.out:sim_IPC         1.5560  #  instructions  per  cycle
results/Baseline/li_PLRU_dl1_64_32_8_p_5_6.out:sim_IPC  1.5555  #  instructions  per  cycle
results/Baseline/li_SCORE_dl1_64_32_8.out:sim_IPC       1.5523  #  instructions  per  cycle
*****************    dl1:64:32:4     **********************************
results/Baseline/li_LRU_dl1_64_32_4.out:sim_IPC         1.5392  #  instructions  per  cycle
results/Baseline/li_PLRU_dl1_64_32_4_p_3_3.out:sim_IPC  1.5382  #  instructions  per  cycle
results/Baseline/li_SCORE_dl1_64_32_4.out:sim_IPC       1.5376  #  instructions  per  cycle
%%%%%%%%%%%%%   Benchmark:  ijpeg %%%%%%%%%%%%%%
*****************    dl1:1024:64:16     **********************************
results/Baseline/ijpeg_LRU_dl1_1024_64_16.out:sim_IPC          2.0340  #  instructions  per  cycle
results/Baseline/ijpeg_PLRU_dl1_1024_64_16_p_9_12.out:sim_IPC  2.0340  #  instructions  per  cycle
results/Baseline/ijpeg_SCORE_dl1_1024_64_16.out:sim_IPC        2.0340  #  instructions  per  cycle
*****************    dl1:1024:64:8     **********************************
results/Baseline/ijpeg_LRU_dl1_1024_64_8.out:sim_IPC         2.0340  #  instructions  per  cycle
results/Baseline/ijpeg_PLRU_dl1_1024_64_8_p_5_6.out:sim_IPC  2.0340  #  instructions  per  cycle
results/Baseline/ijpeg_SCORE_dl1_1024_64_8.out:sim_IPC       2.0340  #  instructions  per  cycle
*****************    dl1:1024:64:4     **********************************
results/Baseline/ijpeg_LRU_dl1_1024_64_4.out:sim_IPC         2.0340  #  instructions  per  cycle
results/Baseline/ijpeg_PLRU_dl1_1024_64_4_p_3_3.out:sim_IPC  2.0340  #  instructions  per  cycle
results/Baseline/ijpeg_SCORE_dl1_1024_64_4.out:sim_IPC       2.0339  #  instructions  per  cycle
*****************    dl1:1024:32:16     **********************************
results/Baseline/ijpeg_LRU_dl1_1024_32_16.out:sim_IPC          2.0291  #  instructions  per  cycle
results/Baseline/ijpeg_PLRU_dl1_1024_32_16_p_9_12.out:sim_IPC  2.0290  #  instructions  per  cycle
results/Baseline/ijpeg_SCORE_dl1_1024_32_16.out:sim_IPC        2.0286  #  instructions  per  cycle
*****************    dl1:1024:32:8     **********************************
results/Baseline/ijpeg_LRU_dl1_1024_32_8.out:sim_IPC         2.0291  #  instructions  per  cycle
results/Baseline/ijpeg_PLRU_dl1_1024_32_8_p_5_6.out:sim_IPC  2.0290  #  instructions  per  cycle
results/Baseline/ijpeg_SCORE_dl1_1024_32_8.out:sim_IPC       2.0286  #  instructions  per  cycle
*****************    dl1:1024:32:4     **********************************
results/Baseline/ijpeg_LRU_dl1_1024_32_4.out:sim_IPC         2.0289  #  instructions  per  cycle
results/Baseline/ijpeg_PLRU_dl1_1024_32_4_p_3_3.out:sim_IPC  2.0289  #  instructions  per  cycle
results/Baseline/ijpeg_SCORE_dl1_1024_32_4.out:sim_IPC       2.0283  #  instructions  per  cycle
*****************    dl1:512:64:16     **********************************
results/Baseline/ijpeg_LRU_dl1_512_64_16.out:sim_IPC          2.0340  #  instructions  per  cycle
results/Baseline/ijpeg_PLRU_dl1_512_64_16_p_9_12.out:sim_IPC  2.0340  #  instructions  per  cycle
results/Baseline/ijpeg_SCORE_dl1_512_64_16.out:sim_IPC        2.0336  #  instructions  per  cycle
*****************    dl1:512:64:8     **********************************
results/Baseline/ijpeg_LRU_dl1_512_64_8.out:sim_IPC         2.0340  #  instructions  per  cycle
results/Baseline/ijpeg_PLRU_dl1_512_64_8_p_5_6.out:sim_IPC  2.0340  #  instructions  per  cycle
results/Baseline/ijpeg_SCORE_dl1_512_64_8.out:sim_IPC       2.0338  #  instructions  per  cycle
*****************    dl1:512:64:4     **********************************
results/Baseline/ijpeg_LRU_dl1_512_64_4.out:sim_IPC         2.0340  #  instructions  per  cycle
results/Baseline/ijpeg_PLRU_dl1_512_64_4_p_3_3.out:sim_IPC  2.0340  #  instructions  per  cycle
results/Baseline/ijpeg_SCORE_dl1_512_64_4.out:sim_IPC       2.0332  #  instructions  per  cycle
*****************    dl1:512:32:16     **********************************
results/Baseline/ijpeg_LRU_dl1_512_32_16.out:sim_IPC          2.0291  #  instructions  per  cycle
results/Baseline/ijpeg_PLRU_dl1_512_32_16_p_9_12.out:sim_IPC  2.0290  #  instructions  per  cycle
results/Baseline/ijpeg_SCORE_dl1_512_32_16.out:sim_IPC        2.0281  #  instructions  per  cycle
*****************    dl1:512:32:8     **********************************
results/Baseline/ijpeg_LRU_dl1_512_32_8.out:sim_IPC         2.0290  #  instructions  per  cycle
results/Baseline/ijpeg_PLRU_dl1_512_32_8_p_5_6.out:sim_IPC  2.0289  #  instructions  per  cycle
results/Baseline/ijpeg_SCORE_dl1_512_32_8.out:sim_IPC       2.0260  #  instructions  per  cycle
*****************    dl1:512:32:4     **********************************
results/Baseline/ijpeg_LRU_dl1_512_32_4.out:sim_IPC         2.0256  #  instructions  per  cycle
results/Baseline/ijpeg_PLRU_dl1_512_32_4_p_3_3.out:sim_IPC  2.0248  #  instructions  per  cycle
results/Baseline/ijpeg_SCORE_dl1_512_32_4.out:sim_IPC       2.0252  #  instructions  per  cycle
*****************    dl1:128:64:16     **********************************
results/Baseline/ijpeg_LRU_dl1_128_64_16.out:sim_IPC          2.0340  #  instructions  per  cycle
results/Baseline/ijpeg_PLRU_dl1_128_64_16_p_9_12.out:sim_IPC  2.0339  #  instructions  per  cycle
results/Baseline/ijpeg_SCORE_dl1_128_64_16.out:sim_IPC        2.0294  #  instructions  per  cycle
*****************    dl1:128:64:8     **********************************
results/Baseline/ijpeg_LRU_dl1_128_64_8.out:sim_IPC         2.0323  #  instructions  per  cycle
results/Baseline/ijpeg_PLRU_dl1_128_64_8_p_5_6.out:sim_IPC  2.0269  #  instructions  per  cycle
results/Baseline/ijpeg_SCORE_dl1_128_64_8.out:sim_IPC       2.0307  #  instructions  per  cycle
*****************    dl1:128:64:4     **********************************
results/Baseline/ijpeg_LRU_dl1_128_64_4.out:sim_IPC         2.0285  #  instructions  per  cycle
results/Baseline/ijpeg_PLRU_dl1_128_64_4_p_3_3.out:sim_IPC  2.0057  #  instructions  per  cycle
results/Baseline/ijpeg_SCORE_dl1_128_64_4.out:sim_IPC       2.0232  #  instructions  per  cycle
*****************    dl1:128:32:16     **********************************
results/Baseline/ijpeg_LRU_dl1_128_32_16.out:sim_IPC          2.0263  #  instructions  per  cycle
results/Baseline/ijpeg_PLRU_dl1_128_32_16_p_9_12.out:sim_IPC  2.0193  #  instructions  per  cycle
results/Baseline/ijpeg_SCORE_dl1_128_32_16.out:sim_IPC        2.0138  #  instructions  per  cycle
*****************    dl1:128:32:8     **********************************
results/Baseline/ijpeg_LRU_dl1_128_32_8.out:sim_IPC         2.0208  #  instructions  per  cycle
results/Baseline/ijpeg_PLRU_dl1_128_32_8_p_5_6.out:sim_IPC  1.9881  #  instructions  per  cycle
results/Baseline/ijpeg_SCORE_dl1_128_32_8.out:sim_IPC       2.0057  #  instructions  per  cycle
*****************    dl1:128:32:4     **********************************
results/Baseline/ijpeg_LRU_dl1_128_32_4.out:sim_IPC         2.0137  #  instructions  per  cycle
results/Baseline/ijpeg_PLRU_dl1_128_32_4_p_3_3.out:sim_IPC  1.9355  #  instructions  per  cycle
results/Baseline/ijpeg_SCORE_dl1_128_32_4.out:sim_IPC       1.9810  #  instructions  per  cycle
*****************    dl1:64:64:16     **********************************
results/Baseline/ijpeg_LRU_dl1_64_64_16.out:sim_IPC          2.0325  #  instructions  per  cycle
results/Baseline/ijpeg_PLRU_dl1_64_64_16_p_9_12.out:sim_IPC  2.0249  #  instructions  per  cycle
results/Baseline/ijpeg_SCORE_dl1_64_64_16.out:sim_IPC        2.0256  #  instructions  per  cycle
*****************    dl1:64:64:8     **********************************
results/Baseline/ijpeg_LRU_dl1_64_64_8.out:sim_IPC         2.0295  #  instructions  per  cycle
results/Baseline/ijpeg_PLRU_dl1_64_64_8_p_5_6.out:sim_IPC  1.9948  #  instructions  per  cycle
results/Baseline/ijpeg_SCORE_dl1_64_64_8.out:sim_IPC       2.0215  #  instructions  per  cycle
*****************    dl1:64:64:4     **********************************
results/Baseline/ijpeg_LRU_dl1_64_64_4.out:sim_IPC         2.0225  #  instructions  per  cycle
results/Baseline/ijpeg_PLRU_dl1_64_64_4_p_3_3.out:sim_IPC  1.9376  #  instructions  per  cycle
results/Baseline/ijpeg_SCORE_dl1_64_64_4.out:sim_IPC       1.9967  #  instructions  per  cycle
*****************    dl1:64:32:16     **********************************
results/Baseline/ijpeg_LRU_dl1_64_32_16.out:sim_IPC          2.0216  #  instructions  per  cycle
results/Baseline/ijpeg_PLRU_dl1_64_32_16_p_9_12.out:sim_IPC  1.9270  #  instructions  per  cycle
results/Baseline/ijpeg_SCORE_dl1_64_32_16.out:sim_IPC        1.9888  #  instructions  per  cycle
*****************    dl1:64:32:8     **********************************
results/Baseline/ijpeg_LRU_dl1_64_32_8.out:sim_IPC         2.0144  #  instructions  per  cycle
results/Baseline/ijpeg_PLRU_dl1_64_32_8_p_5_6.out:sim_IPC  1.8485  #  instructions  per  cycle
results/Baseline/ijpeg_SCORE_dl1_64_32_8.out:sim_IPC       1.9507  #  instructions  per  cycle
*****************    dl1:64:32:4     **********************************
results/Baseline/ijpeg_LRU_dl1_64_32_4.out:sim_IPC         2.0003  #  instructions  per  cycle
results/Baseline/ijpeg_PLRU_dl1_64_32_4_p_3_3.out:sim_IPC  1.8394  #  instructions  per  cycle
results/Baseline/ijpeg_SCORE_dl1_64_32_4.out:sim_IPC       1.8945  #  instructions  per  cycle
%%%%%%%%%%%%%   Benchmark:  perl %%%%%%%%%%%%%%
*****************    dl1:1024:64:16     **********************************
results/Baseline/perl_LRU_dl1_1024_64_16.out:sim_IPC          1.2579  #  instructions  per  cycle
results/Baseline/perl_PLRU_dl1_1024_64_16_p_9_12.out:sim_IPC  1.2579  #  instructions  per  cycle
results/Baseline/perl_SCORE_dl1_1024_64_16.out:sim_IPC        1.2579  #  instructions  per  cycle
*****************    dl1:1024:64:8     **********************************
results/Baseline/perl_LRU_dl1_1024_64_8.out:sim_IPC         1.2579  #  instructions  per  cycle
results/Baseline/perl_PLRU_dl1_1024_64_8_p_5_6.out:sim_IPC  1.2579  #  instructions  per  cycle
results/Baseline/perl_SCORE_dl1_1024_64_8.out:sim_IPC       1.2579  #  instructions  per  cycle
*****************    dl1:1024:64:4     **********************************
results/Baseline/perl_LRU_dl1_1024_64_4.out:sim_IPC         1.2579  #  instructions  per  cycle
results/Baseline/perl_PLRU_dl1_1024_64_4_p_3_3.out:sim_IPC  1.2579  #  instructions  per  cycle
results/Baseline/perl_SCORE_dl1_1024_64_4.out:sim_IPC       1.2579  #  instructions  per  cycle
*****************    dl1:1024:32:16     **********************************
results/Baseline/perl_LRU_dl1_1024_32_16.out:sim_IPC          1.2579  #  instructions  per  cycle
results/Baseline/perl_PLRU_dl1_1024_32_16_p_9_12.out:sim_IPC  1.2579  #  instructions  per  cycle
results/Baseline/perl_SCORE_dl1_1024_32_16.out:sim_IPC        1.2579  #  instructions  per  cycle
*****************    dl1:1024:32:8     **********************************
results/Baseline/perl_LRU_dl1_1024_32_8.out:sim_IPC         1.2579  #  instructions  per  cycle
results/Baseline/perl_PLRU_dl1_1024_32_8_p_5_6.out:sim_IPC  1.2579  #  instructions  per  cycle
results/Baseline/perl_SCORE_dl1_1024_32_8.out:sim_IPC       1.2579  #  instructions  per  cycle
*****************    dl1:1024:32:4     **********************************
results/Baseline/perl_LRU_dl1_1024_32_4.out:sim_IPC         1.2579  #  instructions  per  cycle
results/Baseline/perl_PLRU_dl1_1024_32_4_p_3_3.out:sim_IPC  1.2579  #  instructions  per  cycle
results/Baseline/perl_SCORE_dl1_1024_32_4.out:sim_IPC       1.2579  #  instructions  per  cycle
*****************    dl1:512:64:16     **********************************
results/Baseline/perl_LRU_dl1_512_64_16.out:sim_IPC          1.2579  #  instructions  per  cycle
results/Baseline/perl_PLRU_dl1_512_64_16_p_9_12.out:sim_IPC  1.2579  #  instructions  per  cycle
results/Baseline/perl_SCORE_dl1_512_64_16.out:sim_IPC        1.2579  #  instructions  per  cycle
*****************    dl1:512:64:8     **********************************
results/Baseline/perl_LRU_dl1_512_64_8.out:sim_IPC         1.2579  #  instructions  per  cycle
results/Baseline/perl_PLRU_dl1_512_64_8_p_5_6.out:sim_IPC  1.2579  #  instructions  per  cycle
results/Baseline/perl_SCORE_dl1_512_64_8.out:sim_IPC       1.2579  #  instructions  per  cycle
*****************    dl1:512:64:4     **********************************
results/Baseline/perl_LRU_dl1_512_64_4.out:sim_IPC         1.2579  #  instructions  per  cycle
results/Baseline/perl_PLRU_dl1_512_64_4_p_3_3.out:sim_IPC  1.2579  #  instructions  per  cycle
results/Baseline/perl_SCORE_dl1_512_64_4.out:sim_IPC       1.2579  #  instructions  per  cycle
*****************    dl1:512:32:16     **********************************
results/Baseline/perl_LRU_dl1_512_32_16.out:sim_IPC          1.2579  #  instructions  per  cycle
results/Baseline/perl_PLRU_dl1_512_32_16_p_9_12.out:sim_IPC  1.2579  #  instructions  per  cycle
results/Baseline/perl_SCORE_dl1_512_32_16.out:sim_IPC        1.2579  #  instructions  per  cycle
*****************    dl1:512:32:8     **********************************
results/Baseline/perl_LRU_dl1_512_32_8.out:sim_IPC         1.2579  #  instructions  per  cycle
results/Baseline/perl_PLRU_dl1_512_32_8_p_5_6.out:sim_IPC  1.2579  #  instructions  per  cycle
results/Baseline/perl_SCORE_dl1_512_32_8.out:sim_IPC       1.2579  #  instructions  per  cycle
*****************    dl1:512:32:4     **********************************
results/Baseline/perl_LRU_dl1_512_32_4.out:sim_IPC         1.2579  #  instructions  per  cycle
results/Baseline/perl_PLRU_dl1_512_32_4_p_3_3.out:sim_IPC  1.2579  #  instructions  per  cycle
results/Baseline/perl_SCORE_dl1_512_32_4.out:sim_IPC       1.2579  #  instructions  per  cycle
*****************    dl1:128:64:16     **********************************
results/Baseline/perl_LRU_dl1_128_64_16.out:sim_IPC          1.2579  #  instructions  per  cycle
results/Baseline/perl_PLRU_dl1_128_64_16_p_9_12.out:sim_IPC  1.2579  #  instructions  per  cycle
results/Baseline/perl_SCORE_dl1_128_64_16.out:sim_IPC        1.2579  #  instructions  per  cycle
*****************    dl1:128:64:8     **********************************
results/Baseline/perl_LRU_dl1_128_64_8.out:sim_IPC         1.2579  #  instructions  per  cycle
results/Baseline/perl_PLRU_dl1_128_64_8_p_5_6.out:sim_IPC  1.2579  #  instructions  per  cycle
results/Baseline/perl_SCORE_dl1_128_64_8.out:sim_IPC       1.2579  #  instructions  per  cycle
*****************    dl1:128:64:4     **********************************
results/Baseline/perl_LRU_dl1_128_64_4.out:sim_IPC         1.2579  #  instructions  per  cycle
results/Baseline/perl_PLRU_dl1_128_64_4_p_3_3.out:sim_IPC  1.2579  #  instructions  per  cycle
results/Baseline/perl_SCORE_dl1_128_64_4.out:sim_IPC       1.2579  #  instructions  per  cycle
*****************    dl1:128:32:16     **********************************
results/Baseline/perl_LRU_dl1_128_32_16.out:sim_IPC          1.2579  #  instructions  per  cycle
results/Baseline/perl_PLRU_dl1_128_32_16_p_9_12.out:sim_IPC  1.2579  #  instructions  per  cycle
results/Baseline/perl_SCORE_dl1_128_32_16.out:sim_IPC        1.2579  #  instructions  per  cycle
*****************    dl1:128:32:8     **********************************
results/Baseline/perl_LRU_dl1_128_32_8.out:sim_IPC         1.2579  #  instructions  per  cycle
results/Baseline/perl_PLRU_dl1_128_32_8_p_5_6.out:sim_IPC  1.2579  #  instructions  per  cycle
results/Baseline/perl_SCORE_dl1_128_32_8.out:sim_IPC       1.2579  #  instructions  per  cycle
*****************    dl1:128:32:4     **********************************
results/Baseline/perl_LRU_dl1_128_32_4.out:sim_IPC         1.2579  #  instructions  per  cycle
results/Baseline/perl_PLRU_dl1_128_32_4_p_3_3.out:sim_IPC  1.2579  #  instructions  per  cycle
results/Baseline/perl_SCORE_dl1_128_32_4.out:sim_IPC       1.2579  #  instructions  per  cycle
*****************    dl1:64:64:16     **********************************
results/Baseline/perl_LRU_dl1_64_64_16.out:sim_IPC          1.2579  #  instructions  per  cycle
results/Baseline/perl_PLRU_dl1_64_64_16_p_9_12.out:sim_IPC  1.2579  #  instructions  per  cycle
results/Baseline/perl_SCORE_dl1_64_64_16.out:sim_IPC        1.2579  #  instructions  per  cycle
*****************    dl1:64:64:8     **********************************
results/Baseline/perl_LRU_dl1_64_64_8.out:sim_IPC         1.2579  #  instructions  per  cycle
results/Baseline/perl_PLRU_dl1_64_64_8_p_5_6.out:sim_IPC  1.2579  #  instructions  per  cycle
results/Baseline/perl_SCORE_dl1_64_64_8.out:sim_IPC       1.2579  #  instructions  per  cycle
*****************    dl1:64:64:4     **********************************
results/Baseline/perl_LRU_dl1_64_64_4.out:sim_IPC         1.2579  #  instructions  per  cycle
results/Baseline/perl_PLRU_dl1_64_64_4_p_3_3.out:sim_IPC  1.2579  #  instructions  per  cycle
results/Baseline/perl_SCORE_dl1_64_64_4.out:sim_IPC       1.2579  #  instructions  per  cycle
*****************    dl1:64:32:16     **********************************
results/Baseline/perl_LRU_dl1_64_32_16.out:sim_IPC          1.2579  #  instructions  per  cycle
results/Baseline/perl_PLRU_dl1_64_32_16_p_9_12.out:sim_IPC  1.2226  #  instructions  per  cycle
results/Baseline/perl_SCORE_dl1_64_32_16.out:sim_IPC        1.2419  #  instructions  per  cycle
*****************    dl1:64:32:8     **********************************
results/Baseline/perl_LRU_dl1_64_32_8.out:sim_IPC         1.2579  #  instructions  per  cycle
results/Baseline/perl_PLRU_dl1_64_32_8_p_5_6.out:sim_IPC  1.2226  #  instructions  per  cycle
results/Baseline/perl_SCORE_dl1_64_32_8.out:sim_IPC       1.2494  #  instructions  per  cycle
*****************    dl1:64:32:4     **********************************
results/Baseline/perl_LRU_dl1_64_32_4.out:sim_IPC         1.2579  #  instructions  per  cycle
results/Baseline/perl_PLRU_dl1_64_32_4_p_3_3.out:sim_IPC  1.2226  #  instructions  per  cycle
results/Baseline/perl_SCORE_dl1_64_32_4.out:sim_IPC       1.2419  #  instructions  per  cycle
