Benchmark Logs: 
%%%%%%%%%%%%%   Benchmark:  go %%%%%%%%%%%%%%
*****************    dl1:1024:64:16     **********************************
sim_IPC  1.3002  #  instructions  per  cycle
*****************    dl1:1024:64:8     **********************************
sim_IPC  1.3002  #  instructions  per  cycle
*****************    dl1:1024:64:4     **********************************
sim_IPC  1.3002  #  instructions  per  cycle
*****************    dl1:1024:64:2     **********************************
sim_IPC  1.2546  #  instructions  per  cycle
*****************    dl1:1024:32:16     **********************************
sim_IPC  1.2992  #  instructions  per  cycle
*****************    dl1:1024:32:8     **********************************
sim_IPC  1.2992  #  instructions  per  cycle
*****************    dl1:1024:32:4     **********************************
sim_IPC  1.2950  #  instructions  per  cycle
*****************    dl1:1024:32:2     **********************************
sim_IPC  1.2339  #  instructions  per  cycle
*****************    dl1:512:64:16     **********************************
sim_IPC  1.3002  #  instructions  per  cycle
*****************    dl1:512:64:8     **********************************
sim_IPC  1.3002  #  instructions  per  cycle
*****************    dl1:512:64:4     **********************************
sim_IPC  1.2950  #  instructions  per  cycle
*****************    dl1:512:64:2     **********************************
sim_IPC  1.2281  #  instructions  per  cycle
*****************    dl1:512:32:16     **********************************
sim_IPC  1.2992  #  instructions  per  cycle
*****************    dl1:512:32:8     **********************************
sim_IPC  1.2991  #  instructions  per  cycle
*****************    dl1:512:32:4     **********************************
sim_IPC  1.2675  #  instructions  per  cycle
*****************    dl1:512:32:2     **********************************
sim_IPC  1.1961  #  instructions  per  cycle
*****************    dl1:128:64:16     **********************************
sim_IPC  1.3001  #  instructions  per  cycle
*****************    dl1:128:64:8     **********************************
sim_IPC  1.2690  #  instructions  per  cycle
*****************    dl1:128:64:4     **********************************
sim_IPC  1.1938  #  instructions  per  cycle
*****************    dl1:128:64:2     **********************************
sim_IPC  1.1546  #  instructions  per  cycle
*****************    dl1:128:32:16     **********************************
sim_IPC  1.2899  #  instructions  per  cycle
*****************    dl1:128:32:8     **********************************
sim_IPC  1.1972  #  instructions  per  cycle
*****************    dl1:128:32:4     **********************************
sim_IPC  1.1663  #  instructions  per  cycle
*****************    dl1:128:32:2     **********************************
sim_IPC  1.1329  #  instructions  per  cycle
*****************    dl1:64:64:16     **********************************
sim_IPC  1.2779  #  instructions  per  cycle
*****************    dl1:64:64:8     **********************************
sim_IPC  1.1958  #  instructions  per  cycle
*****************    dl1:64:64:4     **********************************
sim_IPC  1.1672  #  instructions  per  cycle
*****************    dl1:64:64:2     **********************************
sim_IPC  1.1167  #  instructions  per  cycle
*****************    dl1:64:32:16     **********************************
sim_IPC  1.1953  #  instructions  per  cycle
*****************    dl1:64:32:8     **********************************
sim_IPC  1.1686  #  instructions  per  cycle
*****************    dl1:64:32:4     **********************************
sim_IPC  1.1473  #  instructions  per  cycle
*****************    dl1:64:32:2     **********************************
sim_IPC  1.1073  #  instructions  per  cycle
%%%%%%%%%%%%%   Benchmark:  gcc %%%%%%%%%%%%%%
*****************    dl1:1024:64:16     **********************************
sim_IPC  0.8575  #  instructions  per  cycle
*****************    dl1:1024:64:8     **********************************
sim_IPC  0.8575  #  instructions  per  cycle
*****************    dl1:1024:64:4     **********************************
sim_IPC  0.8572  #  instructions  per  cycle
*****************    dl1:1024:64:2     **********************************
sim_IPC  0.8561  #  instructions  per  cycle
*****************    dl1:1024:32:16     **********************************
sim_IPC  0.8573  #  instructions  per  cycle
*****************    dl1:1024:32:8     **********************************
sim_IPC  0.8572  #  instructions  per  cycle
*****************    dl1:1024:32:4     **********************************
sim_IPC  0.8561  #  instructions  per  cycle
*****************    dl1:1024:32:2     **********************************
sim_IPC  0.8540  #  instructions  per  cycle
*****************    dl1:512:64:16     **********************************
sim_IPC  0.8575  #  instructions  per  cycle
*****************    dl1:512:64:8     **********************************
sim_IPC  0.8574  #  instructions  per  cycle
*****************    dl1:512:64:4     **********************************
sim_IPC  0.8564  #  instructions  per  cycle
*****************    dl1:512:64:2     **********************************
sim_IPC  0.8541  #  instructions  per  cycle
*****************    dl1:512:32:16     **********************************
sim_IPC  0.8573  #  instructions  per  cycle
*****************    dl1:512:32:8     **********************************
sim_IPC  0.8561  #  instructions  per  cycle
*****************    dl1:512:32:4     **********************************
sim_IPC  0.8549  #  instructions  per  cycle
*****************    dl1:512:32:2     **********************************
sim_IPC  0.8509  #  instructions  per  cycle
*****************    dl1:128:64:16     **********************************
sim_IPC  0.8565  #  instructions  per  cycle
*****************    dl1:128:64:8     **********************************
sim_IPC  0.8557  #  instructions  per  cycle
*****************    dl1:128:64:4     **********************************
sim_IPC  0.8524  #  instructions  per  cycle
*****************    dl1:128:64:2     **********************************
sim_IPC  0.8449  #  instructions  per  cycle
*****************    dl1:128:32:16     **********************************
sim_IPC  0.8556  #  instructions  per  cycle
*****************    dl1:128:32:8     **********************************
sim_IPC  0.8529  #  instructions  per  cycle
*****************    dl1:128:32:4     **********************************
sim_IPC  0.8469  #  instructions  per  cycle
*****************    dl1:128:32:2     **********************************
sim_IPC  0.8375  #  instructions  per  cycle
*****************    dl1:64:64:16     **********************************
sim_IPC  0.8559  #  instructions  per  cycle
*****************    dl1:64:64:8     **********************************
sim_IPC  0.8527  #  instructions  per  cycle
*****************    dl1:64:64:4     **********************************
sim_IPC  0.8469  #  instructions  per  cycle
*****************    dl1:64:64:2     **********************************
sim_IPC  0.8372  #  instructions  per  cycle
*****************    dl1:64:32:16     **********************************
sim_IPC  0.8531  #  instructions  per  cycle
*****************    dl1:64:32:8     **********************************
sim_IPC  0.8475  #  instructions  per  cycle
*****************    dl1:64:32:4     **********************************
sim_IPC  0.8406  #  instructions  per  cycle
*****************    dl1:64:32:2     **********************************
sim_IPC  0.8272  #  instructions  per  cycle
%%%%%%%%%%%%%   Benchmark:  li %%%%%%%%%%%%%%
*****************    dl1:1024:64:16     **********************************
sim_IPC  1.6314  #  instructions  per  cycle
*****************    dl1:1024:64:8     **********************************
sim_IPC  1.6314  #  instructions  per  cycle
*****************    dl1:1024:64:4     **********************************
sim_IPC  1.6314  #  instructions  per  cycle
*****************    dl1:1024:64:2     **********************************
sim_IPC  1.6281  #  instructions  per  cycle
*****************    dl1:1024:32:16     **********************************
sim_IPC  1.6305  #  instructions  per  cycle
*****************    dl1:1024:32:8     **********************************
sim_IPC  1.6305  #  instructions  per  cycle
*****************    dl1:1024:32:4     **********************************
sim_IPC  1.6299  #  instructions  per  cycle
*****************    dl1:1024:32:2     **********************************
sim_IPC  1.5870  #  instructions  per  cycle
*****************    dl1:512:64:16     **********************************
sim_IPC  1.6314  #  instructions  per  cycle
*****************    dl1:512:64:8     **********************************
sim_IPC  1.6314  #  instructions  per  cycle
*****************    dl1:512:64:4     **********************************
sim_IPC  1.6309  #  instructions  per  cycle
*****************    dl1:512:64:2     **********************************
sim_IPC  1.6046  #  instructions  per  cycle
*****************    dl1:512:32:16     **********************************
sim_IPC  1.6305  #  instructions  per  cycle
*****************    dl1:512:32:8     **********************************
sim_IPC  1.6301  #  instructions  per  cycle
*****************    dl1:512:32:4     **********************************
sim_IPC  1.5864  #  instructions  per  cycle
*****************    dl1:512:32:2     **********************************
sim_IPC  1.5647  #  instructions  per  cycle
*****************    dl1:128:64:16     **********************************
sim_IPC  1.6310  #  instructions  per  cycle
*****************    dl1:128:64:8     **********************************
sim_IPC  1.6047  #  instructions  per  cycle
*****************    dl1:128:64:4     **********************************
sim_IPC  1.5897  #  instructions  per  cycle
*****************    dl1:128:64:2     **********************************
sim_IPC  1.5733  #  instructions  per  cycle
*****************    dl1:128:32:16     **********************************
sim_IPC  1.5854  #  instructions  per  cycle
*****************    dl1:128:32:8     **********************************
sim_IPC  1.5676  #  instructions  per  cycle
*****************    dl1:128:32:4     **********************************
sim_IPC  1.5540  #  instructions  per  cycle
*****************    dl1:128:32:2     **********************************
sim_IPC  1.5335  #  instructions  per  cycle
*****************    dl1:64:64:16     **********************************
sim_IPC  1.6049  #  instructions  per  cycle
*****************    dl1:64:64:8     **********************************
sim_IPC  1.5902  #  instructions  per  cycle
*****************    dl1:64:64:4     **********************************
sim_IPC  1.5764  #  instructions  per  cycle
*****************    dl1:64:64:2     **********************************
sim_IPC  1.5551  #  instructions  per  cycle
*****************    dl1:64:32:16     **********************************
sim_IPC  1.5675  #  instructions  per  cycle
*****************    dl1:64:32:8     **********************************
sim_IPC  1.5560  #  instructions  per  cycle
*****************    dl1:64:32:4     **********************************
sim_IPC  1.5392  #  instructions  per  cycle
*****************    dl1:64:32:2     **********************************
sim_IPC  1.5119  #  instructions  per  cycle
%%%%%%%%%%%%%   Benchmark:  ijpeg %%%%%%%%%%%%%%
*****************    dl1:1024:64:16     **********************************
sim_IPC  2.0340  #  instructions  per  cycle
*****************    dl1:1024:64:8     **********************************
sim_IPC  2.0340  #  instructions  per  cycle
*****************    dl1:1024:64:4     **********************************
sim_IPC  2.0340  #  instructions  per  cycle
*****************    dl1:1024:64:2     **********************************
sim_IPC  2.0336  #  instructions  per  cycle
*****************    dl1:1024:32:16     **********************************
sim_IPC  2.0291  #  instructions  per  cycle
*****************    dl1:1024:32:8     **********************************
sim_IPC  2.0291  #  instructions  per  cycle
*****************    dl1:1024:32:4     **********************************
sim_IPC  2.0289  #  instructions  per  cycle
*****************    dl1:1024:32:2     **********************************
sim_IPC  2.0253  #  instructions  per  cycle
*****************    dl1:512:64:16     **********************************
sim_IPC  2.0340  #  instructions  per  cycle
*****************    dl1:512:64:8     **********************************
sim_IPC  2.0340  #  instructions  per  cycle
*****************    dl1:512:64:4     **********************************
sim_IPC  2.0340  #  instructions  per  cycle
*****************    dl1:512:64:2     **********************************
sim_IPC  2.0319  #  instructions  per  cycle
*****************    dl1:512:32:16     **********************************
sim_IPC  2.0291  #  instructions  per  cycle
*****************    dl1:512:32:8     **********************************
sim_IPC  2.0290  #  instructions  per  cycle
*****************    dl1:512:32:4     **********************************
sim_IPC  2.0256  #  instructions  per  cycle
*****************    dl1:512:32:2     **********************************
sim_IPC  2.0176  #  instructions  per  cycle
*****************    dl1:128:64:16     **********************************
sim_IPC  2.0340  #  instructions  per  cycle
*****************    dl1:128:64:8     **********************************
sim_IPC  2.0323  #  instructions  per  cycle
*****************    dl1:128:64:4     **********************************
sim_IPC  2.0285  #  instructions  per  cycle
*****************    dl1:128:64:2     **********************************
sim_IPC  2.0192  #  instructions  per  cycle
*****************    dl1:128:32:16     **********************************
sim_IPC  2.0263  #  instructions  per  cycle
*****************    dl1:128:32:8     **********************************
sim_IPC  2.0208  #  instructions  per  cycle
*****************    dl1:128:32:4     **********************************
sim_IPC  2.0137  #  instructions  per  cycle
*****************    dl1:128:32:2     **********************************
sim_IPC  1.9984  #  instructions  per  cycle
*****************    dl1:64:64:16     **********************************
sim_IPC  2.0325  #  instructions  per  cycle
*****************    dl1:64:64:8     **********************************
sim_IPC  2.0295  #  instructions  per  cycle
*****************    dl1:64:64:4     **********************************
sim_IPC  2.0225  #  instructions  per  cycle
*****************    dl1:64:64:2     **********************************
sim_IPC  2.0034  #  instructions  per  cycle
*****************    dl1:64:32:16     **********************************
sim_IPC  2.0216  #  instructions  per  cycle
*****************    dl1:64:32:8     **********************************
sim_IPC  2.0144  #  instructions  per  cycle
*****************    dl1:64:32:4     **********************************
sim_IPC  2.0003  #  instructions  per  cycle
*****************    dl1:64:32:2     **********************************
sim_IPC  1.8975  #  instructions  per  cycle
%%%%%%%%%%%%%   Benchmark:  perl %%%%%%%%%%%%%%
*****************    dl1:1024:64:16     **********************************
sim_IPC  1.2579  #  instructions  per  cycle
*****************    dl1:1024:64:8     **********************************
sim_IPC  1.2579  #  instructions  per  cycle
*****************    dl1:1024:64:4     **********************************
sim_IPC  1.2579  #  instructions  per  cycle
*****************    dl1:1024:64:2     **********************************
sim_IPC  1.2579  #  instructions  per  cycle
*****************    dl1:1024:32:16     **********************************
sim_IPC  1.2579  #  instructions  per  cycle
*****************    dl1:1024:32:8     **********************************
sim_IPC  1.2579  #  instructions  per  cycle
*****************    dl1:1024:32:4     **********************************
sim_IPC  1.2579  #  instructions  per  cycle
*****************    dl1:1024:32:2     **********************************
sim_IPC  1.2579  #  instructions  per  cycle
*****************    dl1:512:64:16     **********************************
sim_IPC  1.2579  #  instructions  per  cycle
*****************    dl1:512:64:8     **********************************
sim_IPC  1.2579  #  instructions  per  cycle
*****************    dl1:512:64:4     **********************************
sim_IPC  1.2579  #  instructions  per  cycle
*****************    dl1:512:64:2     **********************************
sim_IPC  1.2579  #  instructions  per  cycle
*****************    dl1:512:32:16     **********************************
sim_IPC  1.2579  #  instructions  per  cycle
*****************    dl1:512:32:8     **********************************
sim_IPC  1.2579  #  instructions  per  cycle
*****************    dl1:512:32:4     **********************************
sim_IPC  1.2579  #  instructions  per  cycle
*****************    dl1:512:32:2     **********************************
sim_IPC  1.2579  #  instructions  per  cycle
*****************    dl1:128:64:16     **********************************
sim_IPC  1.2579  #  instructions  per  cycle
*****************    dl1:128:64:8     **********************************
sim_IPC  1.2579  #  instructions  per  cycle
*****************    dl1:128:64:4     **********************************
sim_IPC  1.2579  #  instructions  per  cycle
*****************    dl1:128:64:2     **********************************
sim_IPC  1.2579  #  instructions  per  cycle
*****************    dl1:128:32:16     **********************************
sim_IPC  1.2579  #  instructions  per  cycle
*****************    dl1:128:32:8     **********************************
sim_IPC  1.2579  #  instructions  per  cycle
*****************    dl1:128:32:4     **********************************
sim_IPC  1.2579  #  instructions  per  cycle
*****************    dl1:128:32:2     **********************************
sim_IPC  1.2473  #  instructions  per  cycle
*****************    dl1:64:64:16     **********************************
sim_IPC  1.2579  #  instructions  per  cycle
*****************    dl1:64:64:8     **********************************
sim_IPC  1.2579  #  instructions  per  cycle
*****************    dl1:64:64:4     **********************************
sim_IPC  1.2579  #  instructions  per  cycle
*****************    dl1:64:64:2     **********************************
sim_IPC  1.2473  #  instructions  per  cycle
*****************    dl1:64:32:16     **********************************
sim_IPC  1.2579  #  instructions  per  cycle
*****************    dl1:64:32:8     **********************************
sim_IPC  1.2579  #  instructions  per  cycle
*****************    dl1:64:32:4     **********************************
sim_IPC  1.2579  #  instructions  per  cycle
*****************    dl1:64:32:2     **********************************
sim_IPC  1.2196  #  instructions  per  cycle
